{"C:\\Users\\Jamushka\\PycharmProjects\\CourseWork2026\\frontend\\src\\components\\courses\\CourseCard.jsx": {"path":"C:\\Users\\Jamushka\\PycharmProjects\\CourseWork2026\\frontend\\src\\components\\courses\\CourseCard.jsx","statementMap":{"0":{"start":{"line":5,"column":19},"end":{"line":62,"column":null}},"1":{"start":{"line":6,"column":28},"end":{"line":6,"column":null}},"2":{"start":{"line":7,"column":24},"end":{"line":7,"column":null}},"3":{"start":{"line":10,"column":24},"end":{"line":13,"column":null}},"4":{"start":{"line":11,"column":20},"end":{"line":11,"column":null}},"5":{"start":{"line":12,"column":8},"end":{"line":12,"column":null}},"6":{"start":{"line":15,"column":27},"end":{"line":15,"column":null}},"7":{"start":{"line":16,"column":37},"end":{"line":16,"column":null}},"8":{"start":{"line":17,"column":28},"end":{"line":17,"column":null}},"9":{"start":{"line":19,"column":4},"end":{"line":60,"column":null}}},"fnMap":{"0":{"name":"(anonymous_0)","decl":{"start":{"line":5,"column":19},"end":{"line":5,"column":20}},"loc":{"start":{"line":5,"column":35},"end":{"line":62,"column":null}},"line":5},"1":{"name":"(anonymous_1)","decl":{"start":{"line":10,"column":24},"end":{"line":10,"column":25}},"loc":{"start":{"line":10,"column":35},"end":{"line":13,"column":null}},"line":10}},"branchMap":{"0":{"loc":{"start":{"line":6,"column":28},"end":{"line":6,"column":null}},"type":"binary-expr","locations":[{"start":{"line":6,"column":28},"end":{"line":6,"column":55}},{"start":{"line":6,"column":55},"end":{"line":6,"column":null}}],"line":6},"1":{"loc":{"start":{"line":7,"column":24},"end":{"line":7,"column":null}},"type":"binary-expr","locations":[{"start":{"line":7,"column":24},"end":{"line":7,"column":43}},{"start":{"line":7,"column":43},"end":{"line":7,"column":null}}],"line":7},"2":{"loc":{"start":{"line":12,"column":15},"end":{"line":12,"column":null}},"type":"cond-expr","locations":[{"start":{"line":12,"column":31},"end":{"line":12,"column":48}},{"start":{"line":12,"column":48},"end":{"line":12,"column":null}}],"line":12},"3":{"loc":{"start":{"line":17,"column":35},"end":{"line":17,"column":53}},"type":"binary-expr","locations":[{"start":{"line":17,"column":35},"end":{"line":17,"column":52}},{"start":{"line":17,"column":52},"end":{"line":17,"column":53}}],"line":17},"4":{"loc":{"start":{"line":25,"column":25},"end":{"line":36,"column":null}},"type":"cond-expr","locations":[{"start":{"line":26,"column":28},"end":{"line":32,"column":null}},{"start":{"line":34,"column":28},"end":{"line":36,"column":null}}],"line":25},"5":{"loc":{"start":{"line":42,"column":25},"end":{"line":42,"column":null}},"type":"binary-expr","locations":[{"start":{"line":42,"column":25},"end":{"line":42,"column":47}},{"start":{"line":42,"column":47},"end":{"line":42,"column":null}}],"line":42},"6":{"loc":{"start":{"line":44,"column":21},"end":{"line":47,"column":null}},"type":"binary-expr","locations":[{"start":{"line":44,"column":21},"end":{"line":44,"column":null}},{"start":{"line":45,"column":24},"end":{"line":47,"column":null}}],"line":44},"7":{"loc":{"start":{"line":53,"column":25},"end":{"line":54,"column":null}},"type":"binary-expr","locations":[{"start":{"line":53,"column":25},"end":{"line":53,"column":null}},{"start":{"line":54,"column":28},"end":{"line":54,"column":null}}],"line":53}},"s":{"0":1,"1":1,"2":1,"3":1,"4":2,"5":2,"6":1,"7":1,"8":1,"9":1},"f":{"0":1,"1":2},"b":{"0":[1,0],"1":[1,1],"2":[2,0],"3":[1,1],"4":[1,0],"5":[1,1],"6":[1,1],"7":[1,1]},"meta":{"lastBranch":8,"lastFunction":2,"lastStatement":10,"seen":{"s:5:19:62:Infinity":0,"f:5:19:5:20":0,"s:6:28:6:Infinity":1,"b:6:28:6:55:6:55:6:Infinity":0,"s:7:24:7:Infinity":2,"b:7:24:7:43:7:43:7:Infinity":1,"s:10:24:13:Infinity":3,"f:10:24:10:25":1,"s:11:20:11:Infinity":4,"s:12:8:12:Infinity":5,"b:12:31:12:48:12:48:12:Infinity":2,"s:15:27:15:Infinity":6,"s:16:37:16:Infinity":7,"s:17:28:17:Infinity":8,"b:17:35:17:52:17:52:17:53":3,"s:19:4:60:Infinity":9,"b:26:28:32:Infinity:34:28:36:Infinity":4,"b:42:25:42:47:42:47:42:Infinity":5,"b:44:21:44:Infinity:45:24:47:Infinity":6,"b:53:25:53:Infinity:54:28:54:Infinity":7}}}
,"C:\\Users\\Jamushka\\PycharmProjects\\CourseWork2026\\frontend\\src\\components\\courses\\CourseCard.module.css": {"path":"C:\\Users\\Jamushka\\PycharmProjects\\CourseWork2026\\frontend\\src\\components\\courses\\CourseCard.module.css","statementMap":{},"fnMap":{},"branchMap":{},"s":{},"f":{},"b":{},"meta":{"lastBranch":0,"lastFunction":0,"lastStatement":0,"seen":{}}}
,"C:\\Users\\Jamushka\\PycharmProjects\\CourseWork2026\\frontend\\src\\components\\pages\\LoginPage.jsx": {"path":"C:\\Users\\Jamushka\\PycharmProjects\\CourseWork2026\\frontend\\src\\components\\pages\\LoginPage.jsx","statementMap":{"0":{"start":{"line":6,"column":18},"end":{"line":94,"column":null}},"1":{"start":{"line":7,"column":46},"end":{"line":7,"column":null}},"2":{"start":{"line":8,"column":32},"end":{"line":8,"column":null}},"3":{"start":{"line":9,"column":26},"end":{"line":9,"column":null}},"4":{"start":{"line":10,"column":30},"end":{"line":10,"column":null}},"5":{"start":{"line":11,"column":18},"end":{"line":11,"column":null}},"6":{"start":{"line":12,"column":10},"end":{"line":12,"column":null}},"7":{"start":{"line":14,"column":25},"end":{"line":25,"column":null}},"8":{"start":{"line":15,"column":8},"end":{"line":15,"column":null}},"9":{"start":{"line":16,"column":8},"end":{"line":16,"column":null}},"10":{"start":{"line":17,"column":8},"end":{"line":17,"column":null}},"11":{"start":{"line":18,"column":23},"end":{"line":18,"column":null}},"12":{"start":{"line":19,"column":8},"end":{"line":19,"column":null}},"13":{"start":{"line":20,"column":8},"end":{"line":24,"column":null}},"14":{"start":{"line":21,"column":12},"end":{"line":21,"column":null}},"15":{"start":{"line":23,"column":12},"end":{"line":23,"column":null}},"16":{"start":{"line":27,"column":31},"end":{"line":30,"column":null}},"17":{"start":{"line":28,"column":8},"end":{"line":28,"column":null}},"18":{"start":{"line":29,"column":8},"end":{"line":29,"column":null}},"19":{"start":{"line":32,"column":28},"end":{"line":35,"column":null}},"20":{"start":{"line":33,"column":8},"end":{"line":33,"column":null}},"21":{"start":{"line":34,"column":8},"end":{"line":34,"column":null}},"22":{"start":{"line":37,"column":4},"end":{"line":92,"column":null}},"23":{"start":{"line":52,"column":45},"end":{"line":52,"column":null}},"24":{"start":{"line":66,"column":45},"end":{"line":66,"column":null}}},"fnMap":{"0":{"name":"(anonymous_0)","decl":{"start":{"line":6,"column":18},"end":{"line":6,"column":24}},"loc":{"start":{"line":6,"column":24},"end":{"line":94,"column":null}},"line":6},"1":{"name":"(anonymous_1)","decl":{"start":{"line":14,"column":25},"end":{"line":14,"column":32}},"loc":{"start":{"line":14,"column":38},"end":{"line":25,"column":null}},"line":14},"2":{"name":"(anonymous_2)","decl":{"start":{"line":27,"column":31},"end":{"line":27,"column":32}},"loc":{"start":{"line":27,"column":38},"end":{"line":30,"column":null}},"line":27},"3":{"name":"(anonymous_3)","decl":{"start":{"line":32,"column":28},"end":{"line":32,"column":29}},"loc":{"start":{"line":32,"column":35},"end":{"line":35,"column":null}},"line":32},"4":{"name":"(anonymous_4)","decl":{"start":{"line":52,"column":38},"end":{"line":52,"column":39}},"loc":{"start":{"line":52,"column":45},"end":{"line":52,"column":null}},"line":52},"5":{"name":"(anonymous_5)","decl":{"start":{"line":66,"column":38},"end":{"line":66,"column":39}},"loc":{"start":{"line":66,"column":45},"end":{"line":66,"column":null}},"line":66}},"branchMap":{"0":{"loc":{"start":{"line":20,"column":8},"end":{"line":24,"column":null}},"type":"if","locations":[{"start":{"line":20,"column":8},"end":{"line":24,"column":null}},{"start":{"line":22,"column":15},"end":{"line":24,"column":null}}],"line":20},"1":{"loc":{"start":{"line":41,"column":17},"end":{"line":41,"column":null}},"type":"binary-expr","locations":[{"start":{"line":41,"column":17},"end":{"line":41,"column":26}},{"start":{"line":41,"column":26},"end":{"line":41,"column":null}}],"line":41},"2":{"loc":{"start":{"line":81,"column":25},"end":{"line":81,"column":null}},"type":"cond-expr","locations":[{"start":{"line":81,"column":35},"end":{"line":81,"column":53}},{"start":{"line":81,"column":53},"end":{"line":81,"column":null}}],"line":81}},"s":{"0":1,"1":5,"2":5,"3":5,"4":5,"5":5,"6":5,"7":5,"8":1,"9":1,"10":1,"11":1,"12":1,"13":1,"14":1,"15":0,"16":5,"17":0,"18":0,"19":5,"20":0,"21":0,"22":5,"23":1,"24":1},"f":{"0":5,"1":1,"2":0,"3":0,"4":1,"5":1},"b":{"0":[1,0],"1":[5,0],"2":[1,4]},"meta":{"lastBranch":3,"lastFunction":6,"lastStatement":25,"seen":{"s:6:18:94:Infinity":0,"f:6:18:6:24":0,"s:7:46:7:Infinity":1,"s:8:32:8:Infinity":2,"s:9:26:9:Infinity":3,"s:10:30:10:Infinity":4,"s:11:18:11:Infinity":5,"s:12:10:12:Infinity":6,"s:14:25:25:Infinity":7,"f:14:25:14:32":1,"s:15:8:15:Infinity":8,"s:16:8:16:Infinity":9,"s:17:8:17:Infinity":10,"s:18:23:18:Infinity":11,"s:19:8:19:Infinity":12,"b:20:8:24:Infinity:22:15:24:Infinity":0,"s:20:8:24:Infinity":13,"s:21:12:21:Infinity":14,"s:23:12:23:Infinity":15,"s:27:31:30:Infinity":16,"f:27:31:27:32":2,"s:28:8:28:Infinity":17,"s:29:8:29:Infinity":18,"s:32:28:35:Infinity":19,"f:32:28:32:29":3,"s:33:8:33:Infinity":20,"s:34:8:34:Infinity":21,"s:37:4:92:Infinity":22,"b:41:17:41:26:41:26:41:Infinity":1,"f:52:38:52:39":4,"s:52:45:52:Infinity":23,"f:66:38:66:39":5,"s:66:45:66:Infinity":24,"b:81:35:81:53:81:53:81:Infinity":2}}}
,"C:\\Users\\Jamushka\\PycharmProjects\\CourseWork2026\\frontend\\src\\styles\\pages\\LoginPage.module.css": {"path":"C:\\Users\\Jamushka\\PycharmProjects\\CourseWork2026\\frontend\\src\\styles\\pages\\LoginPage.module.css","statementMap":{},"fnMap":{},"branchMap":{},"s":{},"f":{},"b":{},"meta":{"lastBranch":0,"lastFunction":0,"lastStatement":0,"seen":{}}}
}
